0 info it worked if it ends with ok
1 verbose cli [ '/home/ian/.nvm/versions/node/v6.2.0/bin/node',
1 verbose cli   '/home/ian/.nvm/versions/node/v6.2.0/bin/npm',
1 verbose cli   'run',
1 verbose cli   'test' ]
2 info using npm@3.8.9
3 info using node@v6.2.0
4 verbose run-script [ 'pretest', 'test', 'posttest' ]
5 info lifecycle tumblr-faker@0.0.1~pretest: tumblr-faker@0.0.1
6 silly lifecycle tumblr-faker@0.0.1~pretest: no script for pretest, continuing
7 info lifecycle tumblr-faker@0.0.1~test: tumblr-faker@0.0.1
8 verbose lifecycle tumblr-faker@0.0.1~test: unsafe-perm in lifecycle true
9 verbose lifecycle tumblr-faker@0.0.1~test: PATH: /home/ian/.nvm/versions/node/v6.2.0/lib/node_modules/npm/bin/node-gyp-bin:/home/ian/tumblr-faker/node_modules/.bin:/home/ian/.nvm/versions/node/v6.2.0/bin:/home/ian/torch-cl/install/bin:/home/ian/torch/install/bin:/home/ian/torch/install/bin:/home/ian/torch/install/bin:/home/ian/.nvm/versions/node/v6.2.0/bin:/home/ian/torch-cl/install/bin:/home/ian/torch/install/bin:/home/ian/torch/install/bin:/home/ian/torch/install/bin:/usr/local/sbin:/usr/local/bin:/usr/sbin:/usr/bin:/sbin:/bin:/usr/games:/usr/local/games:/snap/bin
10 verbose lifecycle tumblr-faker@0.0.1~test: CWD: /home/ian/tumblr-faker
11 silly lifecycle tumblr-faker@0.0.1~test: Args: [ '-c',
11 silly lifecycle   './node_modules/karma/bin/karma start karma/karma.config.development.js' ]
12 silly lifecycle tumblr-faker@0.0.1~test: Returned: code: 134  signal: null
13 info lifecycle tumblr-faker@0.0.1~test: Failed to exec test script
14 verbose stack Error: tumblr-faker@0.0.1 test: `./node_modules/karma/bin/karma start karma/karma.config.development.js`
14 verbose stack Exit status 134
14 verbose stack     at EventEmitter.<anonymous> (/home/ian/.nvm/versions/node/v6.2.0/lib/node_modules/npm/lib/utils/lifecycle.js:245:16)
14 verbose stack     at emitTwo (events.js:106:13)
14 verbose stack     at EventEmitter.emit (events.js:191:7)
14 verbose stack     at ChildProcess.<anonymous> (/home/ian/.nvm/versions/node/v6.2.0/lib/node_modules/npm/lib/utils/spawn.js:24:14)
14 verbose stack     at emitTwo (events.js:106:13)
14 verbose stack     at ChildProcess.emit (events.js:191:7)
14 verbose stack     at maybeClose (internal/child_process.js:850:16)
14 verbose stack     at Process.ChildProcess._handle.onexit (internal/child_process.js:215:5)
15 verbose pkgid tumblr-faker@0.0.1
16 verbose cwd /home/ian/tumblr-faker
17 error Linux 4.4.0-34-generic
18 error argv "/home/ian/.nvm/versions/node/v6.2.0/bin/node" "/home/ian/.nvm/versions/node/v6.2.0/bin/npm" "run" "test"
19 error node v6.2.0
20 error npm  v3.8.9
21 error code ELIFECYCLE
22 error tumblr-faker@0.0.1 test: `./node_modules/karma/bin/karma start karma/karma.config.development.js`
22 error Exit status 134
23 error Failed at the tumblr-faker@0.0.1 test script './node_modules/karma/bin/karma start karma/karma.config.development.js'.
23 error Make sure you have the latest version of node.js and npm installed.
23 error If you do, this is most likely a problem with the tumblr-faker package,
23 error not with npm itself.
23 error Tell the author that this fails on your system:
23 error     ./node_modules/karma/bin/karma start karma/karma.config.development.js
23 error You can get information on how to open an issue for this project with:
23 error     npm bugs tumblr-faker
23 error Or if that isn't available, you can get their info via:
23 error     npm owner ls tumblr-faker
23 error There is likely additional logging output above.
24 verbose exit [ 1, true ]
